SF:lib/mash/data/remote/models/auth/auth_response_model.dart
DA:4,1
DA:11,0
DA:12,0
DA:13,0
DA:14,0
DA:15,0
DA:16,0
DA:17,0
DA:22,1
DA:43,0
DA:44,0
DA:45,0
DA:46,0
DA:47,0
DA:48,0
DA:49,0
DA:50,0
DA:51,0
DA:52,0
DA:53,0
DA:54,0
DA:55,0
DA:56,0
DA:57,0
DA:58,0
DA:59,0
DA:60,0
DA:61,0
DA:62,0
LF:29
LH:2
end_of_record
SF:lib/mash/domain/entities/auth/auth_response_entity.dart
DA:4,1
DA:16,0
DA:17,0
DA:21,1
DA:61,0
DA:62,0
LF:6
LH:2
end_of_record
SF:lib/mash/data/remote/models/request/login_request.dart
DA:7,0
DA:14,0
DA:15,0
DA:16,0
DA:17,0
DA:18,0
DA:19,0
LF:7
LH:0
end_of_record
SF:lib/mash/domain/use_cases/auth/login_use_case.dart
DA:12,0
DA:14,0
DA:16,0
LF:3
LH:0
end_of_record
